<?xml version="1.0" encoding="UTF-8"?>
<!-- Generated by org.testng.reporters.JUnitXMLReporter -->
<testsuite ignored="0" hostname="DESKTOP-RPIGOGL" failures="0" tests="3" name="Test-2" time="185.743" errors="0" timestamp="30 Oct 2022 12:41:09 GMT">
  <testcase classname="com.facebook.stepdefaniton.SmartWatches" name="method1" time="4.464"/>
  <testcase classname="com.facebook.stepdefaniton.SmartWatches" name="method2" time="2.799"/>
  <testcase classname="com.facebook.stepdefaniton.SmartWatches" name="method3" time="2.058"/>
</testsuite> <!-- Test-2 -->
